0 info it worked if it ends with ok
1 verbose cli [ '/usr/bin/nodejs',
1 verbose cli   '/usr/bin/npm',
1 verbose cli   'install',
1 verbose cli   '-g',
1 verbose cli   'npm@7.20.1' ]
2 info using npm@1.4.21
3 info using node@v0.10.29
4 verbose cache add [ 'npm@7.20.1', null ]
5 verbose cache add name=undefined spec="npm@7.20.1" args=["npm@7.20.1",null]
6 verbose parsed url { protocol: null,
6 verbose parsed url   slashes: null,
6 verbose parsed url   auth: null,
6 verbose parsed url   host: null,
6 verbose parsed url   port: null,
6 verbose parsed url   hostname: null,
6 verbose parsed url   hash: null,
6 verbose parsed url   search: null,
6 verbose parsed url   query: null,
6 verbose parsed url   pathname: 'npm@7.20.1',
6 verbose parsed url   path: 'npm@7.20.1',
6 verbose parsed url   href: 'npm@7.20.1' }
7 verbose cache add name="npm" spec="7.20.1" args=["npm","7.20.1"]
8 verbose parsed url { protocol: null,
8 verbose parsed url   slashes: null,
8 verbose parsed url   auth: null,
8 verbose parsed url   host: null,
8 verbose parsed url   port: null,
8 verbose parsed url   hostname: null,
8 verbose parsed url   hash: null,
8 verbose parsed url   search: null,
8 verbose parsed url   query: null,
8 verbose parsed url   pathname: '7.20.1',
8 verbose parsed url   path: '7.20.1',
8 verbose parsed url   href: '7.20.1' }
9 verbose addNamed [ 'npm', '7.20.1' ]
10 verbose addNamed [ '7.20.1', '7.20.1' ]
11 silly lockFile d8b41822-npm-7-20-1 npm@7.20.1
12 verbose lock npm@7.20.1 /home/mike/.npm/d8b41822-npm-7-20-1.lock
13 verbose request where is /npm
14 verbose request registry https://registry.npmjs.org/
15 verbose request id c58ca978f7467527
16 verbose url raw /npm
17 verbose url resolving [ 'https://registry.npmjs.org/', './npm' ]
18 verbose url resolved https://registry.npmjs.org/npm
19 verbose request where is https://registry.npmjs.org/npm
20 info trying registry request attempt 1 at 16:39:19
21 verbose etag W/"9deed09628314c9e30156d0378cf59e4"
22 http GET https://registry.npmjs.org/npm
23 http 304 https://registry.npmjs.org/npm
24 silly registry.get cb [ 304,
24 silly registry.get   { date: 'Tue, 27 Jul 2021 14:39:18 GMT',
24 silly registry.get     connection: 'keep-alive',
24 silly registry.get     'cf-ray': '67569dcc7e7a34bf-DUB',
24 silly registry.get     age: '305',
24 silly registry.get     'cache-control': 'public, max-age=300',
24 silly registry.get     etag: '"9deed09628314c9e30156d0378cf59e4"',
24 silly registry.get     'last-modified': 'Thu, 22 Jul 2021 20:32:49 GMT',
24 silly registry.get     vary: 'Accept-Encoding',
24 silly registry.get     'cf-cache-status': 'HIT',
24 silly registry.get     'expect-ct': 'max-age=604800, report-uri="https://report-uri.cloudflare.com/cdn-cgi/beacon/expect-ct"',
24 silly registry.get     'x-amz-replication-status': 'COMPLETED',
24 silly registry.get     server: 'cloudflare' } ]
25 verbose etag https://registry.npmjs.org/npm from cache
26 silly lockFile d8b41822-npm-7-20-1 npm@7.20.1
27 silly lockFile d8b41822-npm-7-20-1 npm@7.20.1
28 silly resolved [ { version: '7.20.1',
28 silly resolved     name: 'npm',
28 silly resolved     description: 'a package manager for JavaScript',
28 silly resolved     workspaces: [ 'docs', 'packages/*' ],
28 silly resolved     keywords: [ 'install', 'modules', 'package manager', 'package.json' ],
28 silly resolved     preferGlobal: true,
28 silly resolved     config: { publishtest: false },
28 silly resolved     homepage: 'https://docs.npmjs.com/',
28 silly resolved     author:
28 silly resolved      { name: 'Isaac Z. Schlueter',
28 silly resolved        email: 'i@izs.me',
28 silly resolved        url: 'http://blog.izs.me' },
28 silly resolved     repository: { type: 'git', url: 'git+https://github.com/npm/cli.git' },
28 silly resolved     bugs: { url: 'https://github.com/npm/cli/issues' },
28 silly resolved     directories: { bin: './bin', doc: './doc', lib: './lib', man: './man' },
28 silly resolved     main: './lib/npm.js',
28 silly resolved     bin: { npm: 'bin/npm-cli.js', npx: 'bin/npx-cli.js' },
28 silly resolved     exports: { '.': [Object], './package.json': './package.json' },
28 silly resolved     dependencies:
28 silly resolved      { '@npmcli/arborist': '^2.7.1',
28 silly resolved        '@npmcli/ci-detect': '^1.2.0',
28 silly resolved        '@npmcli/config': '^2.2.0',
28 silly resolved        '@npmcli/package-json': '^1.0.1',
28 silly resolved        '@npmcli/run-script': '^1.8.5',
28 silly resolved        abbrev: '~1.1.1',
28 silly resolved        ansicolors: '~0.3.2',
28 silly resolved        ansistyles: '~0.1.3',
28 silly resolved        archy: '~1.0.0',
28 silly resolved        'byte-size': '^7.0.1',
28 silly resolved        cacache: '^15.2.0',
28 silly resolved        chalk: '^4.1.0',
28 silly resolved        chownr: '^2.0.0',
28 silly resolved        'cli-columns': '^3.1.2',
28 silly resolved        'cli-table3': '^0.6.0',
28 silly resolved        columnify: '~1.5.4',
28 silly resolved        glob: '^7.1.7',
28 silly resolved        'graceful-fs': '^4.2.6',
28 silly resolved        'hosted-git-info': '^4.0.2',
28 silly resolved        ini: '^2.0.0',
28 silly resolved        'init-package-json': '^2.0.3',
28 silly resolved        'is-cidr': '^4.0.2',
28 silly resolved        'json-parse-even-better-errors': '^2.3.1',
28 silly resolved        leven: '^3.1.0',
28 silly resolved        libnpmaccess: '^4.0.2',
28 silly resolved        libnpmdiff: '^2.0.4',
28 silly resolved        libnpmexec: '^2.0.0',
28 silly resolved        libnpmfund: '^1.1.0',
28 silly resolved        libnpmhook: '^6.0.2',
28 silly resolved        libnpmorg: '^2.0.2',
28 silly resolved        libnpmpack: '^2.0.1',
28 silly resolved        libnpmpublish: '^4.0.1',
28 silly resolved        libnpmsearch: '^3.1.1',
28 silly resolved        libnpmteam: '^2.0.3',
28 silly resolved        libnpmversion: '^1.2.1',
28 silly resolved        'make-fetch-happen': '^9.0.4',
28 silly resolved        minipass: '^3.1.3',
28 silly resolved        'minipass-pipeline': '^1.2.4',
28 silly resolved        mkdirp: '^1.0.4',
28 silly resolved        'mkdirp-infer-owner': '^2.0.0',
28 silly resolved        ms: '^2.1.2',
28 silly resolved        'node-gyp': '^7.1.2',
28 silly resolved        nopt: '^5.0.0',
28 silly resolved        'npm-audit-report': '^2.1.5',
28 silly resolved        'npm-package-arg': '^8.1.5',
28 silly resolved        'npm-pick-manifest': '^6.1.1',
28 silly resolved        'npm-profile': '^5.0.3',
28 silly resolved        'npm-registry-fetch': '^11.0.0',
28 silly resolved        'npm-user-validate': '^1.0.1',
28 silly resolved        npmlog: '^5.0.0',
28 silly resolved        opener: '^1.5.2',
28 silly resolved        pacote: '^11.3.5',
28 silly resolved        'parse-conflict-json': '^1.1.1',
28 silly resolved        'qrcode-terminal': '^0.12.0',
28 silly resolved        read: '~1.0.7',
28 silly resolved        'read-package-json': '^3.0.1',
28 silly resolved        'read-package-json-fast': '^2.0.3',
28 silly resolved        'readdir-scoped-modules': '^1.1.0',
28 silly resolved        rimraf: '^3.0.2',
28 silly resolved        semver: '^7.3.5',
28 silly resolved        ssri: '^8.0.1',
28 silly resolved        tar: '^6.1.0',
28 silly resolved        'text-table': '~0.2.0',
28 silly resolved        'tiny-relative-date': '^1.3.0',
28 silly resolved        treeverse: '^1.0.4',
28 silly resolved        'validate-npm-package-name': '~3.0.0',
28 silly resolved        which: '^2.0.2',
28 silly resolved        'write-file-atomic': '^3.0.3' },
28 silly resolved     bundleDependencies:
28 silly resolved      [ '@npmcli/arborist',
28 silly resolved        '@npmcli/ci-detect',
28 silly resolved        '@npmcli/config',
28 silly resolved        '@npmcli/package-json',
28 silly resolved        '@npmcli/run-script',
28 silly resolved        'abbrev',
28 silly resolved        'ansicolors',
28 silly resolved        'ansistyles',
28 silly resolved        'archy',
28 silly resolved        'byte-size',
28 silly resolved        'cacache',
28 silly resolved        'chalk',
28 silly resolved        'chownr',
28 silly resolved        'cli-columns',
28 silly resolved        'cli-table3',
28 silly resolved        'columnify',
28 silly resolved        'glob',
28 silly resolved        'graceful-fs',
28 silly resolved        'hosted-git-info',
28 silly resolved        'ini',
28 silly resolved        'init-package-json',
28 silly resolved        'is-cidr',
28 silly resolved        'json-parse-even-better-errors',
28 silly resolved        'leven',
28 silly resolved        'libnpmaccess',
28 silly resolved        'libnpmdiff',
28 silly resolved        'libnpmexec',
28 silly resolved        'libnpmfund',
28 silly resolved        'libnpmhook',
28 silly resolved        'libnpmorg',
28 silly resolved        'libnpmpack',
28 silly resolved        'libnpmpublish',
28 silly resolved        'libnpmsearch',
28 silly resolved        'libnpmteam',
28 silly resolved        'libnpmversion',
28 silly resolved        'make-fetch-happen',
28 silly resolved        'minipass',
28 silly resolved        'minipass-pipeline',
28 silly resolved        'mkdirp',
28 silly resolved        'mkdirp-infer-owner',
28 silly resolved        'ms',
28 silly resolved        'node-gyp',
28 silly resolved        'nopt',
28 silly resolved        'npm-audit-report',
28 silly resolved        'npm-package-arg',
28 silly resolved        'npm-pick-manifest',
28 silly resolved        'npm-profile',
28 silly resolved        'npm-registry-fetch',
28 silly resolved        'npm-user-validate',
28 silly resolved        'npmlog',
28 silly resolved        'opener',
28 silly resolved        'pacote',
28 silly resolved        'parse-conflict-json',
28 silly resolved        'qrcode-terminal',
28 silly resolved        'read',
28 silly resolved        'read-package-json',
28 silly resolved        'read-package-json-fast',
28 silly resolved        'readdir-scoped-modules',
28 silly resolved        'rimraf',
28 silly resolved        'semver',
28 silly resolved        'ssri',
28 silly resolved        'tar',
28 silly resolved        'text-table',
28 silly resolved        'tiny-relative-date',
28 silly resolved        'treeverse',
28 silly resolved        'validate-npm-package-name',
28 silly resolved        'which',
28 silly resolved        'write-file-atomic' ],
28 silly resolved     devDependencies:
28 silly resolved      { eslint: '^7.31.0',
28 silly resolved        'eslint-plugin-import': '^2.23.4',
28 silly resolved        'eslint-plugin-node': '^11.1.0',
28 silly resolved        'eslint-plugin-promise': '^5.1.0',
28 silly resolved        'eslint-plugin-standard': '^5.0.0',
28 silly resolved        licensee: '^8.2.0',
28 silly resolved        tap: '^15.0.9' },
28 silly resolved     scripts:
28 silly resolved      { dumpconf: 'env | grep npm | sort | uniq',
28 silly resolved        preversion: 'bash scripts/update-authors.sh && git add AUTHORS && git commit -m "update AUTHORS" || true',
28 silly resolved        licenses: 'licensee --production --errors-only',
28 silly resolved        test: 'tap',
28 silly resolved        'check-coverage': 'tap',
28 silly resolved        snap: 'tap',
28 silly resolved        postsnap: 'make -s docs/content/*/*.md',
28 silly resolved        'test:nocleanup': 'NO_TEST_CLEANUP=1 npm run test --',
28 silly resolved        sudotest: 'sudo npm run test --',
28 silly resolved        'sudotest:nocleanup': 'sudo NO_TEST_CLEANUP=1 npm run test --',
28 silly resolved        posttest: 'npm run lint',
28 silly resolved        eslint: 'eslint',
28 silly resolved        lint: 'npm run eslint -- test/lib test/bin bin lib scripts docs smoke-tests',
28 silly resolved        lintfix: 'npm run lint -- --fix',
28 silly resolved        prelint: 'rimraf test/npm_cache*',
28 silly resolved        resetdeps: 'bash scripts/resetdeps.sh',
28 silly resolved        'smoke-tests': 'tap smoke-tests/index.js' },
28 silly resolved     tap:
28 silly resolved      { 'test-env': [Object],
28 silly resolved        color: 1,
28 silly resolved        files: 'test/{lib,bin}',
28 silly resolved        'coverage-map': 'test/coverage-map.js',
28 silly resolved        'check-coverage': true,
28 silly resolved        timeout: 600 },
28 silly resolved     license: 'Artistic-2.0',
28 silly resolved     engines: { node: '>=10' },
28 silly resolved     contributors:
28 silly resolved      [ [Object],
28 silly resolved        [Object],
28 silly resolved        [Object],
28 silly resolved        [Object],
28 silly resolved        [Object],
28 silly resolved        [Object],
28 silly resolved        [Object],
28 silly resolved        [Object],
28 silly resolved        [Object],
28 silly resolved        [Object],
28 silly resolved        [Object],
28 silly resolved        [Object],
28 silly resolved        [Object],
28 silly resolved        [Object],
28 silly resolved        [Object],
28 silly resolved        [Object],
28 silly resolved        [Object],
28 silly resolved        [Object],
28 silly resolved        [Object],
28 silly resolved        [Object],
28 silly resolved        [Object],
28 silly resolved        [Object],
28 silly resolved        [Object],
28 silly resolved        [Object],
28 silly resolved        [Object],
28 silly resolved        [Object],
28 silly resolved        [Object],
28 silly resolved        [Object],
28 silly resolved        [Object],
28 silly resolved        [Object],
28 silly resolved        [Object],
28 silly resolved        [Object],
28 silly resolved        [Object],
28 silly resolved        [Object],
28 silly resolved        [Object],
28 silly resolved        [Object],
28 silly resolved        [Object],
28 silly resolved        [Object],
28 silly resolved        [Object],
28 silly resolved        [Object],
28 silly resolved        [Object],
28 silly resolved        [Object],
28 silly resolved        [Object],
28 silly resolved        [Object],
28 silly resolved        [Object],
28 silly resolved        [Object],
28 silly resolved        [Object],
28 silly resolved        [Object],
28 silly resolved        [Object],
28 silly resolved        [Object],
28 silly resolved        [Object],
28 silly resolved        [Object],
28 silly resolved        [Object],
28 silly resolved        [Object],
28 silly resolved        [Object],
28 silly resolved        [Object],
28 silly resolved        [Object],
28 silly resolved        [Object],
28 silly resolved        [Object],
28 silly resolved        [Object],
28 silly resolved        [Object],
28 silly resolved        [Object],
28 silly resolved        [Object],
28 silly resolved        [Object],
28 silly resolved        [Object],
28 silly resolved        [Object],
28 silly resolved        [Object],
28 silly resolved        [Object],
28 silly resolved        [Object],
28 silly resolved        [Object],
28 silly resolved        [Object],
28 silly resolved        [Object],
28 silly resolved        [Object],
28 silly resolved        [Object],
28 silly resolved        [Object],
28 silly resolved        [Object],
28 silly resolved        [Object],
28 silly resolved        [Object],
28 silly resolved        [Object],
28 silly resolved        [Object],
28 silly resolved        [Object],
28 silly resolved        [Object],
28 silly resolved        [Object],
28 silly resolved        [Object],
28 silly resolved        [Object],
28 silly resolved        [Object],
28 silly resolved        [Object],
28 silly resolved        [Object],
28 silly resolved        [Object],
28 silly resolved        [Object],
28 silly resolved        [Object],
28 silly resolved        [Object],
28 silly resolved        [Object],
28 silly resolved        [Object],
28 silly resolved        [Object],
28 silly resolved        [Object],
28 silly resolved        [Object],
28 silly resolved        [Object],
28 silly resolved        [Object],
28 silly resolved        [Object],
28 silly resolved        [Object],
28 silly resolved        [Object],
28 silly resolved        [Object],
28 silly resolved        [Object],
28 silly resolved        [Object],
28 silly resolved        [Object],
28 silly resolved        [Object],
28 silly resolved        [Object],
28 silly resolved        [Object],
28 silly resolved        [Object],
28 silly resolved        [Object],
28 silly resolved        [Object],
28 silly resolved        [Object],
28 silly resolved        [Object],
28 silly resolved        [Object],
28 silly resolved        [Object],
28 silly resolved        [Object],
28 silly resolved        [Object],
28 silly resolved        [Object],
28 silly resolved        [Object],
28 silly resolved        [Object],
28 silly resolved        [Object],
28 silly resolved        [Object],
28 silly resolved        [Object],
28 silly resolved        [Object],
28 silly resolved        [Object],
28 silly resolved        [Object],
28 silly resolved        [Object],
28 silly resolved        [Object],
28 silly resolved        [Object],
28 silly resolved        [Object],
28 silly resolved        [Object],
28 silly resolved        [Object],
28 silly resolved        [Object],
28 silly resolved        [Object],
28 silly resolved        [Object],
28 silly resolved        [Object],
28 silly resolved        [Object],
28 silly resolved        [Object],
28 silly resolved        [Object],
28 silly resolved        [Object],
28 silly resolved        [Object],
28 silly resolved        [Object],
28 silly resolved        [Object],
28 silly resolved        [Object],
28 silly resolved        [Object],
28 silly resolved        [Object],
28 silly resolved        [Object],
28 silly resolved        [Object],
28 silly resolved        [Object],
28 silly resolved        [Object],
28 silly resolved        [Object],
28 silly resolved        [Object],
28 silly resolved        [Object],
28 silly resolved        [Object],
28 silly resolved        [Object],
28 silly resolved        [Object],
28 silly resolved        [Object],
28 silly resolved        [Object],
28 silly resolved        [Object],
28 silly resolved        [Object],
28 silly resolved        [Object],
28 silly resolved        [Object],
28 silly resolved        [Object],
28 silly resolved        [Object],
28 silly resolved        [Object],
28 silly resolved        [Object],
28 silly resolved        [Object],
28 silly resolved        [Object],
28 silly resolved        [Object],
28 silly resolved        [Object],
28 silly resolved        [Object],
28 silly resolved        [Object],
28 silly resolved        [Object],
28 silly resolved        [Object],
28 silly resolved        [Object],
28 silly resolved        [Object],
28 silly resolved        [Object],
28 silly resolved        [Object],
28 silly resolved        [Object],
28 silly resolved        [Object],
28 silly resolved        [Object],
28 silly resolved        [Object],
28 silly resolved        [Object],
28 silly resolved        [Object],
28 silly resolved        [Object],
28 silly resolved        [Object],
28 silly resolved        [Object],
28 silly resolved        [Object],
28 silly resolved        [Object],
28 silly resolved        [Object],
28 silly resolved        [Object],
28 silly resolved        [Object],
28 silly resolved        [Object],
28 silly resolved        [Object],
28 silly resolved        [Object],
28 silly resolved        [Object],
28 silly resolved        [Object],
28 silly resolved        [Object],
28 silly resolved        [Object],
28 silly resolved        [Object],
28 silly resolved        [Object],
28 silly resolved        [Object],
28 silly resolved        [Object],
28 silly resolved        [Object],
28 silly resolved        [Object],
28 silly resolved        [Object],
28 silly resolved        [Object],
28 silly resolved        [Object],
28 silly resolved        [Object],
28 silly resolved        [Object],
28 silly resolved        [Object],
28 silly resolved        [Object],
28 silly resolved        [Object],
28 silly resolved        [Object],
28 silly resolved        [Object],
28 silly resolved        [Object],
28 silly resolved        [Object],
28 silly resolved        [Object],
28 silly resolved        [Object],
28 silly resolved        [Object],
28 silly resolved        [Object],
28 silly resolved        [Object],
28 silly resolved        [Object],
28 silly resolved        [Object],
28 silly resolved        [Object],
28 silly resolved        [Object],
28 silly resolved        [Object],
28 silly resolved        [Object],
28 silly resolved        [Object],
28 silly resolved        [Object],
28 silly resolved        [Object],
28 silly resolved        [Object],
28 silly resolved        [Object],
28 silly resolved        [Object],
28 silly resolved        [Object],
28 silly resolved        [Object],
28 silly resolved        [Object],
28 silly resolved        [Object],
28 silly resolved        [Object],
28 silly resolved        [Object],
28 silly resolved        [Object],
28 silly resolved        [Object],
28 silly resolved        [Object],
28 silly resolved        [Object],
28 silly resolved        [Object],
28 silly resolved        [Object],
28 silly resolved        [Object],
28 silly resolved        [Object],
28 silly resolved        [Object],
28 silly resolved        [Object],
28 silly resolved        [Object],
28 silly resolved        [Object],
28 silly resolved        [Object],
28 silly resolved        [Object],
28 silly resolved        [Object],
28 silly resolved        [Object],
28 silly resolved        [Object],
28 silly resolved        [Object],
28 silly resolved        [Object],
28 silly resolved        [Object],
28 silly resolved        [Object],
28 silly resolved        [Object],
28 silly resolved        [Object],
28 silly resolved        [Object],
28 silly resolved        [Object],
28 silly resolved        [Object],
28 silly resolved        [Object],
28 silly resolved        [Object],
28 silly resolved        [Object],
28 silly resolved        [Object],
28 silly resolved        [Object],
28 silly resolved        [Object],
28 silly resolved        [Object],
28 silly resolved        [Object],
28 silly resolved        [Object],
28 silly resolved        [Object],
28 silly resolved        [Object],
28 silly resolved        [Object],
28 silly resolved        [Object],
28 silly resolved        [Object],
28 silly resolved        [Object],
28 silly resolved        [Object],
28 silly resolved        [Object],
28 silly resolved        [Object],
28 silly resolved        [Object],
28 silly resolved        [Object],
28 silly resolved        [Object],
28 silly resolved        [Object],
28 silly resolved        [Object],
28 silly resolved        [Object],
28 silly resolved        [Object],
28 silly resolved        [Object],
28 silly resolved        [Object],
28 silly resolved        [Object],
28 silly resolved        [Object],
28 silly resolved        [Object],
28 silly resolved        [Object],
28 silly resolved        [Object],
28 silly resolved        [Object],
28 silly resolved        [Object],
28 silly resolved        [Object],
28 silly resolved        [Object],
28 silly resolved        [Object],
28 silly resolved        [Object],
28 silly resolved        [Object],
28 silly resolved        [Object],
28 silly resolved        [Object],
28 silly resolved        [Object],
28 silly resolved        [Object],
28 silly resolved        [Object],
28 silly resolved        [Object],
28 silly resolved        [Object],
28 silly resolved        [Object],
28 silly resolved        [Object],
28 silly resolved        [Object],
28 silly resolved        [Object],
28 silly resolved        [Object],
28 silly resolved        [Object],
28 silly resolved        [Object],
28 silly resolved        [Object],
28 silly resolved        [Object],
28 silly resolved        [Object],
28 silly resolved        [Object],
28 silly resolved        [Object],
28 silly resolved        [Object],
28 silly resolved        [Object],
28 silly resolved        [Object],
28 silly resolved        [Object],
28 silly resolved        [Object],
28 silly resolved        [Object],
28 silly resolved        [Object],
28 silly resolved        [Object],
28 silly resolved        [Object],
28 silly resolved        [Object],
28 silly resolved        [Object],
28 silly resolved        [Object],
28 silly resolved        [Object],
28 silly resolved        [Object],
28 silly resolved        [Object],
28 silly resolved        [Object],
28 silly resolved        [Object],
28 silly resolved        [Object],
28 silly resolved        [Object],
28 silly resolved        [Object],
28 silly resolved        [Object],
28 silly resolved        [Object],
28 silly resolved        [Object],
28 silly resolved        [Object],
28 silly resolved        [Object],
28 silly resolved        [Object],
28 silly resolved        [Object],
28 silly resolved        [Object],
28 silly resolved        [Object],
28 silly resolved        [Object],
28 silly resolved        [Object],
28 silly resolved        [Object],
28 silly resolved        [Object],
28 silly resolved        [Object],
28 silly resolved        [Object],
28 silly resolved        [Object],
28 silly resolved        [Object],
28 silly resolved        [Object],
28 silly resolved        [Object],
28 silly resolved        [Object],
28 silly resolved        [Object],
28 silly resolved        [Object],
28 silly resolved        [Object],
28 silly resolved        [Object],
28 silly resolved        [Object],
28 silly resolved        [Object],
28 silly resolved        [Object],
28 silly resolved        [Object],
28 silly resolved        [Object],
28 silly resolved        [Object],
28 silly resolved        [Object],
28 silly resolved        [Object],
28 silly resolved        [Object],
28 silly resolved        [Object],
28 silly resolved        [Object],
28 silly resolved        [Object],
28 silly resolved        [Object],
28 silly resolved        [Object],
28 silly resolved        [Object],
28 silly resolved        [Object],
28 silly resolved        [Object],
28 silly resolved        [Object],
28 silly resolved        [Object],
28 silly resolved        [Object],
28 silly resolved        [Object],
28 silly resolved        [Object],
28 silly resolved        [Object],
28 silly resolved        [Object],
28 silly resolved        [Object],
28 silly resolved        [Object],
28 silly resolved        [Object],
28 silly resolved        [Object],
28 silly resolved        [Object],
28 silly resolved        [Object],
28 silly resolved        [Object],
28 silly resolved        [Object],
28 silly resolved        [Object],
28 silly resolved        [Object],
28 silly resolved        [Object],
28 silly resolved        [Object],
28 silly resolved        [Object],
28 silly resolved        [Object],
28 silly resolved        [Object],
28 silly resolved        [Object],
28 silly resolved        [Object],
28 silly resolved        [Object],
28 silly resolved        [Object],
28 silly resolved        [Object],
28 silly resolved        [Object],
28 silly resolved        [Object],
28 silly resolved        [Object],
28 silly resolved        [Object],
28 silly resolved        [Object],
28 silly resolved        [Object],
28 silly resolved        [Object],
28 silly resolved        [Object],
28 silly resolved        [Object],
28 silly resolved        [Object],
28 silly resolved        [Object],
28 silly resolved        [Object],
28 silly resolved        [Object],
28 silly resolved        [Object],
28 silly resolved        [Object],
28 silly resolved        [Object],
28 silly resolved        [Object],
28 silly resolved        [Object],
28 silly resolved        [Object],
28 silly resolved        [Object],
28 silly resolved        [Object],
28 silly resolved        [Object],
28 silly resolved        [Object],
28 silly resolved        [Object],
28 silly resolved        [Object],
28 silly resolved        [Object],
28 silly resolved        [Object],
28 silly resolved        [Object],
28 silly resolved        [Object],
28 silly resolved        [Object],
28 silly resolved        [Object],
28 silly resolved        [Object],
28 silly resolved        [Object],
28 silly resolved        [Object],
28 silly resolved        [Object],
28 silly resolved        [Object],
28 silly resolved        [Object],
28 silly resolved        [Object],
28 silly resolved        [Object],
28 silly resolved        [Object],
28 silly resolved        [Object],
28 silly resolved        [Object],
28 silly resolved        [Object],
28 silly resolved        [Object],
28 silly resolved        [Object],
28 silly resolved        [Object],
28 silly resolved        [Object],
28 silly resolved        [Object],
28 silly resolved        [Object],
28 silly resolved        [Object],
28 silly resolved        [Object],
28 silly resolved        [Object],
28 silly resolved        [Object],
28 silly resolved        [Object],
28 silly resolved        [Object],
28 silly resolved        [Object],
28 silly resolved        [Object],
28 silly resolved        [Object],
28 silly resolved        [Object],
28 silly resolved        [Object],
28 silly resolved        [Object],
28 silly resolved        [Object],
28 silly resolved        [Object],
28 silly resolved        [Object],
28 silly resolved        [Object],
28 silly resolved        [Object],
28 silly resolved        [Object],
28 silly resolved        [Object],
28 silly resolved        [Object],
28 silly resolved        [Object],
28 silly resolved        [Object],
28 silly resolved        [Object],
28 silly resolved        [Object],
28 silly resolved        [Object],
28 silly resolved        [Object],
28 silly resolved        [Object],
28 silly resolved        [Object],
28 silly resolved        [Object],
28 silly resolved        [Object],
28 silly resolved        [Object],
28 silly resolved        [Object],
28 silly resolved        [Object],
28 silly resolved        [Object],
28 silly resolved        [Object],
28 silly resolved        [Object],
28 silly resolved        [Object],
28 silly resolved        [Object],
28 silly resolved        [Object],
28 silly resolved        [Object],
28 silly resolved        [Object],
28 silly resolved        [Object],
28 silly resolved        [Object],
28 silly resolved        [Object],
28 silly resolved        [Object],
28 silly resolved        [Object],
28 silly resolved        [Object],
28 silly resolved        [Object],
28 silly resolved        [Object],
28 silly resolved        [Object],
28 silly resolved        [Object],
28 silly resolved        [Object],
28 silly resolved        [Object],
28 silly resolved        [Object],
28 silly resolved        [Object],
28 silly resolved        [Object],
28 silly resolved        [Object],
28 silly resolved        [Object],
28 silly resolved        [Object],
28 silly resolved        [Object],
28 silly resolved        [Object],
28 silly resolved        [Object],
28 silly resolved        [Object],
28 silly resolved        [Object],
28 silly resolved        [Object],
28 silly resolved        [Object],
28 silly resolved        [Object],
28 silly resolved        [Object],
28 silly resolved        [Object],
28 silly resolved        [Object],
28 silly resolved        [Object],
28 silly resolved        [Object],
28 silly resolved        [Object],
28 silly resolved        [Object],
28 silly resolved        [Object],
28 silly resolved        [Object],
28 silly resolved        [Object],
28 silly resolved        [Object],
28 silly resolved        [Object],
28 silly resolved        [Object],
28 silly resolved        [Object],
28 silly resolved        [Object],
28 silly resolved        [Object],
28 silly resolved        [Object],
28 silly resolved        [Object],
28 silly resolved        [Object],
28 silly resolved        [Object],
28 silly resolved        [Object],
28 silly resolved        [Object],
28 silly resolved        [Object],
28 silly resolved        [Object],
28 silly resolved        [Object],
28 silly resolved        [Object],
28 silly resolved        [Object],
28 silly resolved        [Object],
28 silly resolved        [Object],
28 silly resolved        [Object],
28 silly resolved        [Object],
28 silly resolved        [Object],
28 silly resolved        [Object],
28 silly resolved        [Object],
28 silly resolved        [Object],
28 silly resolved        [Object],
28 silly resolved        [Object],
28 silly resolved        [Object],
28 silly resolved        [Object],
28 silly resolved        [Object],
28 silly resolved        [Object],
28 silly resolved        [Object],
28 silly resolved        [Object],
28 silly resolved        [Object],
28 silly resolved        [Object],
28 silly resolved        [Object],
28 silly resolved        [Object],
28 silly resolved        [Object],
28 silly resolved        [Object],
28 silly resolved        [Object],
28 silly resolved        [Object],
28 silly resolved        [Object],
28 silly resolved        [Object],
28 silly resolved        [Object],
28 silly resolved        [Object],
28 silly resolved        [Object],
28 silly resolved        [Object],
28 silly resolved        [Object],
28 silly resolved        [Object],
28 silly resolved        [Object],
28 silly resolved        [Object],
28 silly resolved        [Object],
28 silly resolved        [Object],
28 silly resolved        [Object],
28 silly resolved        [Object],
28 silly resolved        [Object],
28 silly resolved        [Object],
28 silly resolved        [Object],
28 silly resolved        [Object],
28 silly resolved        [Object],
28 silly resolved        [Object],
28 silly resolved        [Object],
28 silly resolved        [Object],
28 silly resolved        [Object],
28 silly resolved        [Object],
28 silly resolved        [Object],
28 silly resolved        [Object],
28 silly resolved        [Object],
28 silly resolved        [Object],
28 silly resolved        [Object],
28 silly resolved        [Object],
28 silly resolved        [Object],
28 silly resolved        [Object],
28 silly resolved        [Object],
28 silly resolved        [Object],
28 silly resolved        [Object],
28 silly resolved        [Object],
28 silly resolved        [Object],
28 silly resolved        [Object],
28 silly resolved        [Object],
28 silly resolved        [Object],
28 silly resolved        [Object],
28 silly resolved        [Object],
28 silly resolved        [Object],
28 silly resolved        [Object],
28 silly resolved        [Object],
28 silly resolved        [Object],
28 silly resolved        [Object],
28 silly resolved        [Object],
28 silly resolved        [Object],
28 silly resolved        [Object],
28 silly resolved        [Object],
28 silly resolved        [Object],
28 silly resolved        [Object],
28 silly resolved        [Object],
28 silly resolved        [Object],
28 silly resolved        [Object],
28 silly resolved        [Object],
28 silly resolved        [Object],
28 silly resolved        [Object],
28 silly resolved        [Object],
28 silly resolved        [Object],
28 silly resolved        [Object],
28 silly resolved        [Object],
28 silly resolved        [Object],
28 silly resolved        [Object],
28 silly resolved        [Object],
28 silly resolved        [Object],
28 silly resolved        [Object],
28 silly resolved        [Object],
28 silly resolved        [Object],
28 silly resolved        [Object],
28 silly resolved        [Object],
28 silly resolved        [Object],
28 silly resolved        [Object],
28 silly resolved        [Object],
28 silly resolved        [Object],
28 silly resolved        [Object],
28 silly resolved        [Object],
28 silly resolved        [Object],
28 silly resolved        [Object],
28 silly resolved        [Object],
28 silly resolved        [Object],
28 silly resolved        [Object],
28 silly resolved        [Object],
28 silly resolved        [Object],
28 silly resolved        [Object],
28 silly resolved        [Object],
28 silly resolved        [Object],
28 silly resolved        [Object],
28 silly resolved        [Object],
28 silly resolved        [Object],
28 silly resolved        [Object],
28 silly resolved        [Object],
28 silly resolved        [Object],
28 silly resolved        [Object],
28 silly resolved        [Object],
28 silly resolved        [Object],
28 silly resolved        [Object],
28 silly resolved        [Object],
28 silly resolved        [Object],
28 silly resolved        [Object],
28 silly resolved        [Object],
28 silly resolved        [Object],
28 silly resolved        [Object],
28 silly resolved        [Object],
28 silly resolved        [Object],
28 silly resolved        [Object],
28 silly resolved        [Object],
28 silly resolved        [Object],
28 silly resolved        [Object],
28 silly resolved        [Object],
28 silly resolved        [Object],
28 silly resolved        [Object],
28 silly resolved        [Object],
28 silly resolved        [Object],
28 silly resolved        [Object],
28 silly resolved        [Object],
28 silly resolved        [Object],
28 silly resolved        [Object],
28 silly resolved        [Object],
28 silly resolved        [Object],
28 silly resolved        [Object],
28 silly resolved        [Object],
28 silly resolved        [Object],
28 silly resolved        [Object],
28 silly resolved        [Object],
28 silly resolved        [Object],
28 silly resolved        [Object],
28 silly resolved        [Object],
28 silly resolved        [Object],
28 silly resolved        [Object],
28 silly resolved        [Object],
28 silly resolved        [Object],
28 silly resolved        [Object],
28 silly resolved        [Object],
28 silly resolved        [Object],
28 silly resolved        [Object],
28 silly resolved        [Object],
28 silly resolved        [Object],
28 silly resolved        [Object],
28 silly resolved        [Object],
28 silly resolved        [Object],
28 silly resolved        [Object],
28 silly resolved        [Object],
28 silly resolved        [Object],
28 silly resolved        [Object],
28 silly resolved        [Object],
28 silly resolved        [Object],
28 silly resolved        [Object],
28 silly resolved        [Object],
28 silly resolved        [Object],
28 silly resolved        [Object],
28 silly resolved        [Object],
28 silly resolved        [Object],
28 silly resolved        [Object],
28 silly resolved        [Object],
28 silly resolved        [Object],
28 silly resolved        [Object],
28 silly resolved        [Object],
28 silly resolved        [Object],
28 silly resolved        [Object],
28 silly resolved        [Object],
28 silly resolved        [Object],
28 silly resolved        [Object],
28 silly resolved        [Object],
28 silly resolved        [Object],
28 silly resolved        [Object],
28 silly resolved        [Object],
28 silly resolved        [Object],
28 silly resolved        [Object],
28 silly resolved        [Object],
28 silly resolved        [Object],
28 silly resolved        [Object],
28 silly resolved        [Object],
28 silly resolved        [Object],
28 silly resolved        [Object],
28 silly resolved        [Object],
28 silly resolved        [Object],
28 silly resolved        [Object],
28 silly resolved        [Object],
28 silly resolved        [Object],
28 silly resolved        [Object],
28 silly resolved        [Object],
28 silly resolved        [Object],
28 silly resolved        [Object],
28 silly resolved        [Object],
28 silly resolved        [Object],
28 silly resolved        [Object],
28 silly resolved        [Object],
28 silly resolved        [Object],
28 silly resolved        [Object],
28 silly resolved        [Object],
28 silly resolved        [Object],
28 silly resolved        [Object],
28 silly resolved        [Object],
28 silly resolved        [Object],
28 silly resolved        [Object],
28 silly resolved        [Object],
28 silly resolved        [Object],
28 silly resolved        [Object],
28 silly resolved        [Object],
28 silly resolved        [Object],
28 silly resolved        [Object],
28 silly resolved        [Object],
28 silly resolved        [Object],
28 silly resolved        [Object],
28 silly resolved        [Object],
28 silly resolved        [Object],
28 silly resolved        [Object],
28 silly resolved        [Object] ],
28 silly resolved     readme: '[![GitHub Workflow Status (branch)](https://img.shields.io/github/workflow/status/npm/cli/Node%20CI/latest)](https://github.com/npm/cli/actions?query=workflow%3A%22Node+CI%22+branch%3Alatest) [![Coveralls github branch](https://img.shields.io/coveralls/github/npm/cli/latest)](https://coveralls.io/github/npm/cli?branch=latest)\n\n# npm - a JavaScript package manager\n\n### Requirements\n\n* [**Node.js** `v10`](https://nodejs.org/en/download/) or higher must be installed to run this program\n\n### Installation\n\n**`npm`** comes bundled with [**`node`**](https://nodejs.org/), & most third-party distributions, by default. Officially supported downloads/distributions can be found at: [nodejs.org/en/download](https://nodejs.org/en/download)\n\n#### Direct Download\n\nYou can download & install **`npm`** directly from [**npmjs**.com](https://npmjs.com/) using our custom `install.sh` script:\n\n```bash\ncurl -qL https://www.npmjs.com/install.sh | sh\n```\n\n#### Node Version Managers\n\nIf you\'re looking to manage multiple versions of **`node`** &/or **`npm`**, consider using a "Node Version Manager" such as:\n\n* [**`nvm`**](https://github.com/nvm-sh/nvm)\n* [**`nvs`**](https://github.com/jasongin/nvs)\n* [**`nave`**](https://github.com/isaacs/nave)\n* [**`n`**](https://github.com/tj/n)\n* [**`volta`**](https://github.com/volta-cli/volta)\n* [**`nodenv`**](https://github.com/nodenv/nodenv)\n* [**`asdf-nodejs`**](https://github.com/asdf-vm/asdf-nodejs)\n\n### Usage\n\n```bash\nnpm <command>\n```\n\n### Links & Resources\n\n* [**Documentation**](https://docs.npmjs.com/) - Official docs & how-tos for all things **npm**\n    * Note: you can also search docs locally with `npm help-search <query>`\n* [**Bug Tracker**](https://github.com/npm/cli/issues) - Search or submit bugs against the CLI\n* [**Roadmap**](https://github.com/npm/roadmap) - Track & follow along with our public roadmap\n* [**Feedback**](https://github.com/npm/feedback) - Contribute ideas & discussion around the npm registry, website & CLI\n* [**RFCs**](https://github.com/npm/rfcs) - Contribute ideas & specifications for the API/design of the npm CLI\n* [**Service Status**](https://status.npmjs.org/) - Monitor the current status & see incident reports for the website & registry\n* [**Project Status**](https://npm.github.io/statusboard/) - See the health of all our maintained OSS projects in one view\n* [**Events Calendar**](https://calendar.google.com/calendar/u/0/embed?src=npmjs.com_oonluqt8oftrt0vmgrfbg6q6go@group.calendar.google.com) - Keep track of our Open RFC calls, releases, meetups, conferences & more\n* [**Support**](https://www.npmjs.com/support) - Experiencing problems with the **npm** [website](https://npmjs.com) or [registry](https://registry.npmjs.org)? File a ticket [here](https://www.npmjs.com/support)\n\n### Acknowledgments\n\n* `npm` is configured to use the **npm Public Registry** at [https://registry.npmjs.org](https://registry.npmjs.org) by default; Usage of this registry is subject to **Terms of Use** available at [https://npmjs.com/policies/terms](https://npmjs.com/policies/terms)\n* You can configure `npm` to use any other compatible registry you prefer. You can read more about configuring third-party registries [here](https://docs.npmjs.com/cli/v7/using-npm/registry)\n\n### FAQ on Branding\n\n#### Is it "npm" or "NPM" or "Npm"?\n\n**`npm`** should never be capitalized unless it is being displayed in a location that is customarily all-capitals (ex. titles on `man` pages).\n\n#### Is "npm" an acronym for "Node Package Manager"?\n\nContrary to popular belief, **`npm`** **is not** in fact an acronym for "Node Package Manager"; It is a recursive bacronymic abbreviation for **"npm is not an acronym"** (if the project was named "ninaa", then it would be an acronym). The precursor to **`npm`** was actually a bash utility named **"pm"**, which was the shortform name of **"pkgmakeinst"** - a bash function that installed various things on various platforms. If **`npm`** were to ever have been considered an acronym, it would be as "node pm" or, potentially "new pm".\n',
28 silly resolved     readmeFilename: 'README.md',
28 silly resolved     man:
28 silly resolved      [ '/Users/wraithgar/Development/npm/cli/man/man1/npm-access.1',
28 silly resolved        '/Users/wraithgar/Development/npm/cli/man/man1/npm-adduser.1',
28 silly resolved        '/Users/wraithgar/Development/npm/cli/man/man1/npm-audit.1',
28 silly resolved        '/Users/wraithgar/Development/npm/cli/man/man1/npm-bin.1',
28 silly resolved        '/Users/wraithgar/Development/npm/cli/man/man1/npm-bugs.1',
28 silly resolved        '/Users/wraithgar/Development/npm/cli/man/man1/npm-build.1',
28 silly resolved        '/Users/wraithgar/Development/npm/cli/man/man1/npm-bundle.1',
28 silly resolved        '/Users/wraithgar/Development/npm/cli/man/man1/npm-cache.1',
28 silly resolved        '/Users/wraithgar/Development/npm/cli/man/man1/npm-ci.1',
28 silly resolved        '/Users/wraithgar/Development/npm/cli/man/man1/npm-completion.1',
28 silly resolved        '/Users/wraithgar/Development/npm/cli/man/man1/npm-config.1',
28 silly resolved        '/Users/wraithgar/Development/npm/cli/man/man1/npm-dedupe.1',
28 silly resolved        '/Users/wraithgar/Development/npm/cli/man/man1/npm-deprecate.1',
28 silly resolved        '/Users/wraithgar/Development/npm/cli/man/man1/npm-diff.1',
28 silly resolved        '/Users/wraithgar/Development/npm/cli/man/man1/npm-dist-tag.1',
28 silly resolved        '/Users/wraithgar/Development/npm/cli/man/man1/npm-docs.1',
28 silly resolved        '/Users/wraithgar/Development/npm/cli/man/man1/npm-doctor.1',
28 silly resolved        '/Users/wraithgar/Development/npm/cli/man/man1/npm-edit.1',
28 silly resolved        '/Users/wraithgar/Development/npm/cli/man/man1/npm-exec.1',
28 silly resolved        '/Users/wraithgar/Development/npm/cli/man/man1/npm-explain.1',
28 silly resolved        '/Users/wraithgar/Development/npm/cli/man/man1/npm-explore.1',
28 silly resolved        '/Users/wraithgar/Development/npm/cli/man/man1/npm-find-dupes.1',
28 silly resolved        '/Users/wraithgar/Development/npm/cli/man/man1/npm-fund.1',
28 silly resolved        '/Users/wraithgar/Development/npm/cli/man/man1/npm-help-search.1',
28 silly resolved        '/Users/wraithgar/Development/npm/cli/man/man1/npm-help.1',
28 silly resolved        '/Users/wraithgar/Development/npm/cli/man/man1/npm-hook.1',
28 silly resolved        '/Users/wraithgar/Development/npm/cli/man/man1/npm-init.1',
28 silly resolved        '/Users/wraithgar/Development/npm/cli/man/man1/npm-install-ci-test.1',
28 silly resolved        '/Users/wraithgar/Development/npm/cli/man/man1/npm-install-test.1',
28 silly resolved        '/Users/wraithgar/Development/npm/cli/man/man1/npm-install.1',
28 silly resolved        '/Users/wraithgar/Development/npm/cli/man/man1/npm-link.1',
28 silly resolved        '/Users/wraithgar/Development/npm/cli/man/man1/npm-logout.1',
28 silly resolved        '/Users/wraithgar/Development/npm/cli/man/man1/npm-ls.1',
28 silly resolved        '/Users/wraithgar/Development/npm/cli/man/man1/npm-org.1',
28 silly resolved        '/Users/wraithgar/Development/npm/cli/man/man1/npm-outdated.1',
28 silly resolved        '/Users/wraithgar/Development/npm/cli/man/man1/npm-owner.1',
28 silly resolved        '/Users/wraithgar/Development/npm/cli/man/man1/npm-pack.1',
28 silly resolved        '/Users/wraithgar/Development/npm/cli/man/man1/npm-ping.1',
28 silly resolved        '/Users/wraithgar/Development/npm/cli/man/man1/npm-pkg.1',
28 silly resolved        '/Users/wraithgar/Development/npm/cli/man/man1/npm-prefix.1',
28 silly resolved        '/Users/wraithgar/Development/npm/cli/man/man1/npm-profile.1',
28 silly resolved        '/Users/wraithgar/Development/npm/cli/man/man1/npm-prune.1',
28 silly resolved        '/Users/wraithgar/Development/npm/cli/man/man1/npm-publish.1',
28 silly resolved        '/Users/wraithgar/Development/npm/cli/man/man1/npm-README.1',
28 silly resolved        '/Users/wraithgar/Development/npm/cli/man/man1/npm-rebuild.1',
28 silly resolved        '/Users/wraithgar/Development/npm/cli/man/man1/npm-repo.1',
28 silly resolved        '/Users/wraithgar/Development/npm/cli/man/man1/npm-restart.1',
28 silly resolved        '/Users/wraithgar/Development/npm/cli/man/man1/npm-root.1',
28 silly resolved        '/Users/wraithgar/Development/npm/cli/man/man1/npm-run-script.1',
28 silly resolved        '/Users/wraithgar/Development/npm/cli/man/man1/npm-search.1',
28 silly resolved        '/Users/wraithgar/Development/npm/cli/man/man1/npm-set-script.1',
28 silly resolved        '/Users/wraithgar/Development/npm/cli/man/man1/npm-shrinkwrap.1',
28 silly resolved        '/Users/wraithgar/Development/npm/cli/man/man1/npm-star.1',
28 silly resolved        '/Users/wraithgar/Development/npm/cli/man/man1/npm-stars.1',
28 silly resolved        '/Users/wraithgar/Development/npm/cli/man/man1/npm-start.1',
28 silly resolved        '/Users/wraithgar/Development/npm/cli/man/man1/npm-stop.1',
28 silly resolved        '/Users/wraithgar/Development/npm/cli/man/man1/npm-team.1',
28 silly resolved        '/Users/wraithgar/Development/npm/cli/man/man1/npm-test.1',
28 silly resolved        '/Users/wraithgar/Development/npm/cli/man/man1/npm-token.1',
28 silly resolved        '/Users/wraithgar/Development/npm/cli/man/man1/npm-uninstall.1',
28 silly resolved        '/Users/wraithgar/Development/npm/cli/man/man1/npm-unpublish.1',
28 silly resolved        '/Users/wraithgar/Development/npm/cli/man/man1/npm-unstar.1',
28 silly resolved        '/Users/wraithgar/Development/npm/cli/man/man1/npm-update.1',
28 silly resolved        '/Users/wraithgar/Development/npm/cli/man/man1/npm-version.1',
28 silly resolved        '/Users/wraithgar/Development/npm/cli/man/man1/npm-view.1',
28 silly resolved        '/Users/wraithgar/Development/npm/cli/man/man1/npm-whoami.1',
28 silly resolved        '/Users/wraithgar/Development/npm/cli/man/man1/npm.1',
28 silly resolved        '/Users/wraithgar/Development/npm/cli/man/man1/npx.1',
28 silly resolved        '/Users/wraithgar/Development/npm/cli/man/man5/folders.5',
28 silly resolved        '/Users/wraithgar/Development/npm/cli/man/man5/install.5',
28 silly resolved        '/Users/wraithgar/Development/npm/cli/man/man5/npm-shrinkwrap-json.5',
28 silly resolved        '/Users/wraithgar/Development/npm/cli/man/man5/npmrc.5',
28 silly resolved        '/Users/wraithgar/Development/npm/cli/man/man5/package-json.5',
28 silly resolved        '/Users/wraithgar/Development/npm/cli/man/man5/package-lock-json.5',
28 silly resolved        '/Users/wraithgar/Development/npm/cli/man/man5/package-locks.5',
28 silly resolved        '/Users/wraithgar/Development/npm/cli/man/man5/shrinkwrap-json.5',
28 silly resolved        '/Users/wraithgar/Development/npm/cli/man/man7/config.7',
28 silly resolved        '/Users/wraithgar/Development/npm/cli/man/man7/developers.7',
28 silly resolved        '/Users/wraithgar/Development/npm/cli/man/man7/disputes.7',
28 silly resolved        '/Users/wraithgar/Development/npm/cli/man/man7/orgs.7',
28 silly resolved        '/Users/wraithgar/Development/npm/cli/man/man7/registry.7',
28 silly resolved        '/Users/wraithgar/Development/npm/cli/man/man7/removal.7',
28 silly resolved        '/Users/wraithgar/Development/npm/cli/man/man7/scope.7',
28 silly resolved        '/Users/wraithgar/Development/npm/cli/man/man7/scripts.7',
28 silly resolved        '/Users/wraithgar/Development/npm/cli/man/man7/semver.7',
28 silly resolved        '/Users/wraithgar/Development/npm/cli/man/man7/workspaces.7' ],
28 silly resolved     gitHead: 'deeb22235bf9b7d1727cafe581e54df9f8f19efb',
28 silly resolved     _id: 'npm@7.20.1',
28 silly resolved     _nodeVersion: '14.17.1',
28 silly resolved     _npmVersion: '7.20.1',
28 silly resolved     dist:
28 silly resolved      { integrity: 'sha512-Fau808Ybtzja6SdOglKyUfEX1vC57Gq9zR20IfK2z+iwaLmYOHvHqf3zQoeXzNLDzT5bf+CnKns3EhHLFLguew==',
28 silly resolved        shasum: '31215a343c05611988190cedefe35a754db3c770',
28 silly resolved        tarball: 'https://registry.npmjs.org/npm/-/npm-7.20.1.tgz',
28 silly resolved        fileCount: 2448,
28 silly resolved        unpackedSize: 11943745,
28 silly resolved        'npm-signature': '-----BEGIN PGP SIGNATURE-----\r\nVersion: OpenPGP.js v3.0.13\r\nComment: https://openpgpjs.org\r\n\r\nwsFcBAEBCAAQBQJg+dS1CRA9TVsSAnZWagAACv4P/2OdlRKBz6raFhk+oLHH\nc1f5E6uomM6APQGSb/59B6XYUDhtCQBflqRvtL5ghHpfNfnmB08JhHtGMITl\nrD+SB3ITZrzPHYNADe0Ok94JyIvujODAEsPFHkDxZIzI4tLM2WlhfISfTuLt\nXG/27ZOOToy+I2WFwFOwbEAtND+ylZEJ8HL1GgVMQslSoo9euqbEJ7kzeC5t\nk88qvHDR1RZA2PsYcvNt49PcXn877RSrX7MPXVOzhyuZflCLKXO3MwAoKRG3\nGtjesYie1w+hy9679rbWwxwm8ZnwMFxYr0k9x6SFnpGbxwjulev9I324yoxA\nGYA8F3wUInCYC3B8XykCM8PZ7/OpIzyEsMT/aUjbqdk9xSoL4gKtrLnFt77C\nCyYmJLGPBbDbBiqsvWzrXDRo90HMH+f9TfmVa2ndnBvH4O/G8gv8wQ1nYcQF\nmn801axLbUIu4AMPXDH3eKiPo3tbHgYJcZDa9W7XZ7MTAwLD35Y0jESEVm7N\nbnv2S4gO5UWxfbVTF3MOBWxeJYggX7MEdyeojwBdh9pKPpOo2ITYcR1X0Obl\n8v7gbnfmMMwH14NuEzDBtna81uq2tOKnvuKFv5WGRxcEo3nlpG7Ib3hXb1ld\nwuLwv+GapIPdTtmrjJwB/YwPIJbtU0QKIGb5vPwqe938qMIp8xVOkWwTtRGE\nQUAU\r\n=gcRc\r\n-----END PGP SIGNATURE-----\r\n' },
28 silly resolved     _npmUser: { name: 'gar', email: 'gar+npm@danger.computer' },
28 silly resolved     maintainers:
28 silly resolved      [ [Object],
28 silly resolved        [Object],
28 silly resolved        [Object],
28 silly resolved        [Object],
28 silly resolved        [Object],
28 silly resolved        [Object],
28 silly resolved        [Object] ],
28 silly resolved     _npmOperationalInternal:
28 silly resolved      { host: 's3://npm-registry-packages',
28 silly resolved        tmp: 'tmp/npm_7.20.1_1626985653002_0.7751638595727752' },
28 silly resolved     _hasShrinkwrap: false,
28 silly resolved     _shasum: '31215a343c05611988190cedefe35a754db3c770',
28 silly resolved     _from: 'npm@7.20.1',
28 silly resolved     _resolved: 'https://registry.npmjs.org/npm/-/npm-7.20.1.tgz' } ]
29 info install npm@7.20.1 into /usr/local/lib
30 info installOne npm@7.20.1
31 warn engine npm@7.20.1: wanted: {"node":">=10"} (current: {"node":"0.10.29","npm":"1.4.21"})
32 verbose lib/node_modules/npm unbuild
33 info preuninstall npm@7.20.1
34 info uninstall npm@7.20.1
35 verbose true,/usr/local/lib/node_modules,/usr/local/lib/node_modules unbuild npm@7.20.1
36 verbose /usr/local/bin,[object Object] binRoot
37 verbose lib/node_modules/npm unbuild
38 info preuninstall npm@7.20.1
39 info uninstall npm@7.20.1
40 verbose true,/usr/local/lib/node_modules,/usr/local/lib/node_modules unbuild npm@7.20.1
41 verbose /usr/local/bin,[object Object] binRoot
42 error error rolling back Error: ENOTDIR, unlink '/usr/local/share/man/man1/npm-README.1'
42 error error rolling back  npm@7.20.1 { [Error: ENOTDIR, unlink '/usr/local/share/man/man1/npm-README.1']
42 error error rolling back   errno: 27,
42 error error rolling back   code: 'ENOTDIR',
42 error error rolling back   path: '/usr/local/share/man/man1/npm-README.1' }
43 error Error: ENOTDIR, unlink '/usr/local/share/man/man1/npm-README.1'
44 error If you need help, you may report this *entire* log,
44 error including the npm and node versions, at:
44 error     <http://github.com/npm/npm/issues>
45 error System Linux 3.16.0-11-amd64
46 error command "/usr/bin/nodejs" "/usr/bin/npm" "install" "-g" "npm@7.20.1"
47 error cwd /home/mike/EE5003_IoT_Project/Code/Chaincode
48 error node -v v0.10.29
49 error npm -v 1.4.21
50 error path /usr/local/share/man/man1/npm-README.1
51 error code ENOTDIR
52 error errno 27
53 verbose exit [ 27, true ]
